<?xml version="1.0" encoding="UTF-8"?>
<testsuite name="advent2023.Day1Test" tests="5" skipped="0" failures="0" errors="0" timestamp="2023-12-03T21:54:25" hostname="Michaels-MacBook-Air.local" time="0.125">
  <properties/>
  <testcase name="answer()" classname="advent2023.Day1Test" time="0.037"/>
  <testcase name="oneight()" classname="advent2023.Day1Test" time="0.003"/>
  <testcase name="sampleInput_part2()" classname="advent2023.Day1Test" time="0.043"/>
  <testcase name="sampleInput()" classname="advent2023.Day1Test" time="0.008"/>
  <testcase name="part2_answer()" classname="advent2023.Day1Test" time="0.025"/>
  <system-out><![CDATA[54331.0
54505
]]></system-out>
  <system-err><![CDATA[]]></system-err>
</testsuite>
